<?xml version="1.0" encoding="UTF-8"?>
<testsuite time='0.002768' skipped='3' failures='0' errors='0' name="unauthorized" assertions='0' tests='3'>
  <testcase time='0.001056' file="/usr/local/var/rbenv/versions/2.1.5/lib/ruby/gems/2.1.0/gems/minitest-5.5.1/lib/minitest/spec.rb" name="test_0001_Unauthorized User can&#39;t start dropbox activation" assertions='0'>
    <skipped type='Minitest::Skip' message="(no tests defined)">
    </skipped>
  </testcase>
  <testcase time='0.000904' file="/usr/local/var/rbenv/versions/2.1.5/lib/ruby/gems/2.1.0/gems/minitest-5.5.1/lib/minitest/spec.rb" name="test_0002_Unauthorized User can&#39;t activate dropbox" assertions='0'>
    <skipped type='Minitest::Skip' message="(no tests defined)">
    </skipped>
  </testcase>
  <testcase time='0.000808' file="/usr/local/var/rbenv/versions/2.1.5/lib/ruby/gems/2.1.0/gems/minitest-5.5.1/lib/minitest/spec.rb" name="test_0003_Unauthorized User can&#39;t deactivate dropbox" assertions='0'>
    <skipped type='Minitest::Skip' message="(no tests defined)">
    </skipped>
  </testcase>
</testsuite>
