<?xml version="1.0" encoding="UTF-8"?>
<testsuite time='0.222814' skipped='0' failures='0' errors='0' name="LoginTest" assertions='9' tests='2'>
  <testcase time='0.178216' file="test/integration/login_test.rb" name="test_0001_login with valid credentials redirects and gives correct success message" assertions='6'>
  </testcase>
  <testcase time='0.044598' file="test/integration/login_test.rb" name="test_0002_login with invalid credentials redirects and gives correct alert message" assertions='3'>
  </testcase>
</testsuite>
