<?xml version="1.0" encoding="UTF-8"?>
<testsuite time='0.006320' skipped='0' failures='0' errors='0' name="missing dependencies" assertions='2' tests='1'>
  <testcase time='0.006320' file="test/controllers/invoices_controller_test.rb" name="test_0001_redirects to user edit if address is missing" assertions='2'>
  </testcase>
</testsuite>
