<?xml version="1.0" encoding="UTF-8"?>
<testsuite time='0.024213' skipped='5' failures='0' errors='0' name="InvoiceTest" assertions='8' tests='10'>
  <testcase time='0.006521' file="test/unit/invoice_test.rb" name="test_0001_should not be valid without project" assertions='1'>
  </testcase>
  <testcase time='0.004402' file="test/unit/invoice_test.rb" name="test_0002_should not be valid without customer" assertions='1'>
  </testcase>
  <testcase time='0.004773' file="test/unit/invoice_test.rb" name="test_0003_should create invoice if date and valid project present" assertions='1'>
  </testcase>
  <testcase time='0.000787' file="/usr/local/var/rbenv/versions/2.1.5/lib/ruby/gems/2.1.0/gems/minitest-5.5.1/lib/minitest/spec.rb" name="test_0004_should have a unique ref scoped by account" assertions='0'>
    <skipped type='Minitest::Skip' message="(no tests defined)">
    </skipped>
  </testcase>
  <testcase time='0.000677' file="/usr/local/var/rbenv/versions/2.1.5/lib/ruby/gems/2.1.0/gems/minitest-5.5.1/lib/minitest/spec.rb" name="test_0005_before_create set_ref" assertions='0'>
    <skipped type='Minitest::Skip' message="(no tests defined)">
    </skipped>
  </testcase>
  <testcase time='0.000709' file="/usr/local/var/rbenv/versions/2.1.5/lib/ruby/gems/2.1.0/gems/minitest-5.5.1/lib/minitest/spec.rb" name="test_0006_before_save set_rate" assertions='0'>
    <skipped type='Minitest::Skip' message="(no tests defined)">
    </skipped>
  </testcase>
  <testcase time='0.000797' file="/usr/local/var/rbenv/versions/2.1.5/lib/ruby/gems/2.1.0/gems/minitest-5.5.1/lib/minitest/spec.rb" name="test_0007_before_save set_value" assertions='0'>
    <skipped type='Minitest::Skip' message="(no tests defined)">
    </skipped>
  </testcase>
  <testcase time='0.000771' file="/usr/local/var/rbenv/versions/2.1.5/lib/ruby/gems/2.1.0/gems/minitest-5.5.1/lib/minitest/spec.rb" name="test_0008_should only set set_payment_due_date if payment_due_date empty" assertions='0'>
    <skipped type='Minitest::Skip' message="(no tests defined)">
    </skipped>
  </testcase>
  <testcase time='0.001234' file="test/unit/invoice_test.rb" name="test_0009_should respond to defined associations" assertions='4'>
  </testcase>
  <testcase time='0.003542' file="test/unit/invoice_test.rb" name="test_should_not_be_valid_without_date" assertions='1'>
  </testcase>
</testsuite>
